Determining if the pthread_create exist failed with the following output:
Change Dir: /home/workspace/Project4/catkin_ws/build/CMakeFiles/CMakeTmp

Run Build Command:"/usr/bin/make" "cmTC_87b00/fast"
/usr/bin/make -f CMakeFiles/cmTC_87b00.dir/build.make CMakeFiles/cmTC_87b00.dir/build
make[1]: Entering directory '/home/workspace/Project4/catkin_ws/build/CMakeFiles/CMakeTmp'
Building C object CMakeFiles/cmTC_87b00.dir/CheckSymbolExists.c.o
/usr/bin/cc     -o CMakeFiles/cmTC_87b00.dir/CheckSymbolExists.c.o   -c /home/workspace/Project4/catkin_ws/build/CMakeFiles/CMakeTmp/CheckSymbolExists.c
Linking C executable cmTC_87b00
/usr/bin/cmake -E cmake_link_script CMakeFiles/cmTC_87b00.dir/link.txt --verbose=1
/usr/bin/cc       CMakeFiles/cmTC_87b00.dir/CheckSymbolExists.c.o  -o cmTC_87b00 -rdynamic 
CMakeFiles/cmTC_87b00.dir/CheckSymbolExists.c.o: In function `main':
CheckSymbolExists.c:(.text+0x16): undefined reference to `pthread_create'
collect2: error: ld returned 1 exit status
CMakeFiles/cmTC_87b00.dir/build.make:97: recipe for target 'cmTC_87b00' failed
make[1]: *** [cmTC_87b00] Error 1
make[1]: Leaving directory '/home/workspace/Project4/catkin_ws/build/CMakeFiles/CMakeTmp'
Makefile:126: recipe for target 'cmTC_87b00/fast' failed
make: *** [cmTC_87b00/fast] Error 2

File /home/workspace/Project4/catkin_ws/build/CMakeFiles/CMakeTmp/CheckSymbolExists.c:
/* */
#include <pthread.h>

int main(int argc, char** argv)
{
  (void)argv;
#ifndef pthread_create
  return ((int*)(&pthread_create))[argc];
#else
  (void)argc;
  return 0;
#endif
}

Determining if the function pthread_create exists in the pthreads failed with the following output:
Change Dir: /home/workspace/Project4/catkin_ws/build/CMakeFiles/CMakeTmp

Run Build Command:"/usr/bin/make" "cmTC_5edec/fast"
/usr/bin/make -f CMakeFiles/cmTC_5edec.dir/build.make CMakeFiles/cmTC_5edec.dir/build
make[1]: Entering directory '/home/workspace/Project4/catkin_ws/build/CMakeFiles/CMakeTmp'
Building C object CMakeFiles/cmTC_5edec.dir/CheckFunctionExists.c.o
/usr/bin/cc    -DCHECK_FUNCTION_EXISTS=pthread_create   -o CMakeFiles/cmTC_5edec.dir/CheckFunctionExists.c.o   -c /usr/share/cmake-3.5/Modules/CheckFunctionExists.c
Linking C executable cmTC_5edec
/usr/bin/cmake -E cmake_link_script CMakeFiles/cmTC_5edec.dir/link.txt --verbose=1
/usr/bin/cc   -DCHECK_FUNCTION_EXISTS=pthread_create    CMakeFiles/cmTC_5edec.dir/CheckFunctionExists.c.o  -o cmTC_5edec -rdynamic -lpthreads 
/usr/bin/ld: cannot find -lpthreads
collect2: error: ld returned 1 exit status
CMakeFiles/cmTC_5edec.dir/build.make:97: recipe for target 'cmTC_5edec' failed
make[1]: *** [cmTC_5edec] Error 1
make[1]: Leaving directory '/home/workspace/Project4/catkin_ws/build/CMakeFiles/CMakeTmp'
Makefile:126: recipe for target 'cmTC_5edec/fast' failed
make: *** [cmTC_5edec/fast] Error 2


